<?xml version="1.0" encoding="UTF-8"?>
<testng-results ignored="0" total="5" passed="5" failed="0" skipped="0">
  <reporter-output>
  </reporter-output>
  <suite started-at="2023-02-24T05:49:41 IST" name="All Test Suite" finished-at="2023-02-24T05:50:12 IST" duration-ms="31297">
    <groups>
      <group name="cucumber">
        <method signature="AbstractTestNGCucumberTests.runScenario(io.cucumber.testng.PickleWrapper,io.cucumber.testng.FeatureWrapper)[pri:0, instance:runners.TestRunner@53fe15ff]" name="runScenario" class="io.cucumber.testng.AbstractTestNGCucumberTests"/>
      </group> <!-- cucumber -->
    </groups>
    <test started-at="2023-02-24T05:49:41 IST" name="C:/Users/SMADASU/IdeaProjects/Cucumber1" finished-at="2023-02-24T05:50:12 IST" duration-ms="31297">
      <class name="runners.TestRunner">
        <test-method is-config="true" signature="setUpClass(org.testng.ITestContext)[pri:0, instance:runners.TestRunner@53fe15ff]" started-at="2023-02-24T05:49:41 IST" name="setUpClass" finished-at="2023-02-24T05:49:42 IST" duration-ms="830" status="PASS">
          <params>
            <param index="0">
              <value>
                <![CDATA[org.testng.TestRunner@3122b117]]>
              </value>
            </param>
          </params>
          <reporter-output>
          </reporter-output>
        </test-method> <!-- setUpClass -->
        <test-method signature="runScenario(io.cucumber.testng.PickleWrapper,io.cucumber.testng.FeatureWrapper)[pri:0, instance:runners.TestRunner@53fe15ff]" started-at="2023-02-24T05:49:42 IST" name="runScenario" description="Runs Cucumber Scenarios" data-provider="scenarios" finished-at="2023-02-24T05:49:57 IST" duration-ms="14872" status="PASS">
          <params>
            <param index="0">
              <value>
                <![CDATA["verify that no results found"]]>
              </value>
            </param>
            <param index="1">
              <value>
                <![CDATA["search a product feature"]]>
              </value>
            </param>
          </params>
          <reporter-output>
          </reporter-output>
        </test-method> <!-- runScenario -->
        <test-method signature="runScenario(io.cucumber.testng.PickleWrapper,io.cucumber.testng.FeatureWrapper)[pri:0, instance:runners.TestRunner@53fe15ff]" started-at="2023-02-24T05:49:42 IST" name="runScenario" description="Runs Cucumber Scenarios" data-provider="scenarios" finished-at="2023-02-24T05:50:10 IST" duration-ms="28058" status="PASS">
          <params>
            <param index="0">
              <value>
                <![CDATA["Verify that the selected product is displayed on the product detail page with all the relevant information"]]>
              </value>
            </param>
            <param index="1">
              <value>
                <![CDATA["search a product feature"]]>
              </value>
            </param>
          </params>
          <reporter-output>
          </reporter-output>
        </test-method> <!-- runScenario -->
        <test-method signature="runScenario(io.cucumber.testng.PickleWrapper,io.cucumber.testng.FeatureWrapper)[pri:0, instance:runners.TestRunner@53fe15ff]" started-at="2023-02-24T05:49:42 IST" name="runScenario" description="Runs Cucumber Scenarios" data-provider="scenarios" finished-at="2023-02-24T05:50:05 IST" duration-ms="22624" status="PASS">
          <params>
            <param index="0">
              <value>
                <![CDATA["Verify that the user can able to search a product"]]>
              </value>
            </param>
            <param index="1">
              <value>
                <![CDATA["search a product feature"]]>
              </value>
            </param>
          </params>
          <reporter-output>
          </reporter-output>
        </test-method> <!-- runScenario -->
        <test-method signature="runScenario(io.cucumber.testng.PickleWrapper,io.cucumber.testng.FeatureWrapper)[pri:0, instance:runners.TestRunner@53fe15ff]" started-at="2023-02-24T05:49:42 IST" name="runScenario" description="Runs Cucumber Scenarios" data-provider="scenarios" finished-at="2023-02-24T05:50:08 IST" duration-ms="26425" status="PASS">
          <params>
            <param index="0">
              <value>
                <![CDATA["verify that user display product"]]>
              </value>
            </param>
            <param index="1">
              <value>
                <![CDATA["search a product feature"]]>
              </value>
            </param>
          </params>
          <reporter-output>
          </reporter-output>
        </test-method> <!-- runScenario -->
        <test-method signature="runScenario(io.cucumber.testng.PickleWrapper,io.cucumber.testng.FeatureWrapper)[pri:0, instance:runners.TestRunner@53fe15ff]" started-at="2023-02-24T05:49:42 IST" name="runScenario" description="Runs Cucumber Scenarios" data-provider="scenarios" finished-at="2023-02-24T05:50:02 IST" duration-ms="19866" status="PASS">
          <params>
            <param index="0">
              <value>
                <![CDATA["Check if the add to cart is accessible"]]>
              </value>
            </param>
            <param index="1">
              <value>
                <![CDATA["search a product feature"]]>
              </value>
            </param>
          </params>
          <reporter-output>
          </reporter-output>
        </test-method> <!-- runScenario -->
        <test-method is-config="true" signature="tearDownClass()[pri:0, instance:runners.TestRunner@53fe15ff]" started-at="2023-02-24T05:50:10 IST" name="tearDownClass" finished-at="2023-02-24T05:50:12 IST" duration-ms="2331" status="PASS">
          <reporter-output>
          </reporter-output>
        </test-method> <!-- tearDownClass -->
      </class> <!-- runners.TestRunner -->
    </test> <!-- C:/Users/SMADASU/IdeaProjects/Cucumber1 -->
  </suite> <!-- All Test Suite -->
</testng-results>
