<?xml version="1.0" encoding="UTF-8"?>
<testsuite xmlns:xsi="http://www.w3.org/2001/XMLSchema-instance" xsi:noNamespaceSchemaLocation="https://maven.apache.org/surefire/maven-surefire-plugin/xsd/surefire-test-report-3.0.xsd" version="3.0" name="TestSuite" time="61.437" tests="5" errors="0" skipped="0" failures="0">
  <properties>
[...]
</properties>
  <testcase name="runScenario[&quot;Check if the add to cart is accessible&quot;, &quot;search a product feature&quot;](1)" classname="runners.TestRunner" time="24.912">
    <system-out><![CDATA[
Scenario Outline: Check if the add to cart is accessible # src/test/resources/features/searchbar.feature:40

Scenario: Verify that the user can able to search a product # src/test/resources/features/searchbar.feature:3

Scenario: verify that user display product         # src/test/resources/features/searchbar.feature:17

Scenario: Verify that the selected product is displayed on the product detail page # src/test/resources/features/searchbar.feature:9

Scenario: verify that no results found    # src/test/resources/features/searchbar.feature:23
  When the user goes back to the homepage                # steps.StepDefnitions.theUserGoesBackToTheHomepage()
  Then the user enters "https://www.flipkart.com/"       # steps.StepDefnitions.the_user_enters(java.lang.String)
]]></system-out>
    <system-err><![CDATA[SLF4J: No SLF4J providers were found.
SLF4J: Defaulting to no-operation (NOP) logger implementation
SLF4J: See https://www.slf4j.org/codes.html#noProviders for further details.
Starting ChromeDriver 110.0.5481.77 (65ed616c6e8ee3fe0ad64fe83796c020644d42af-refs/branch-heads/5481@{#839}) on port 42787
Only local connections are allowed.
Please see https://chromedriver.chromium.org/security-considerations for suggestions on keeping ChromeDriver safe.
ChromeDriver was started successfully.
Starting ChromeDriver 110.0.5481.77 (65ed616c6e8ee3fe0ad64fe83796c020644d42af-refs/branch-heads/5481@{#839}) on port 9543
Only local connections are allowed.
Please see https://chromedriver.chromium.org/security-considerations for suggestions on keeping ChromeDriver safe.
ChromeDriver was started successfully.
Starting ChromeDriver 110.0.5481.77 (65ed616c6e8ee3fe0ad64fe83796c020644d42af-refs/branch-heads/5481@{#839}) on port 36755
Only local connections are allowed.
Please see https://chromedriver.chromium.org/security-considerations for suggestions on keeping ChromeDriver safe.
ChromeDriver was started successfully.
Starting ChromeDriver 110.0.5481.77 (65ed616c6e8ee3fe0ad64fe83796c020644d42af-refs/branch-heads/5481@{#839}) on port 37839
Only local connections are allowed.
Please see https://chromedriver.chromium.org/security-considerations for suggestions on keeping ChromeDriver safe.
ChromeDriver was started successfully.
Starting ChromeDriver 110.0.5481.77 (65ed616c6e8ee3fe0ad64fe83796c020644d42af-refs/branch-heads/5481@{#839}) on port 43322
Only local connections are allowed.
Please see https://chromedriver.chromium.org/security-considerations for suggestions on keeping ChromeDriver safe.
ChromeDriver was started successfully.
[1677405931.441][WARNING]: virtual void DevToolsClientImpl::AddListener(DevToolsEventListener *) subscribing a listener to the already connected DevToolsClient. Connection notification will not arrive.
[1677405932.251][WARNING]: virtual void DevToolsClientImpl::AddListener(DevToolsEventListener *) subscribing a listener to the already connected DevToolsClient. Connection notification will not arrive.
[1677405933.072][WARNING]: virtual void DevToolsClientImpl::AddListener(DevToolsEventListener *) subscribing a listener to the already connected DevToolsClient. Connection notification will not arrive.
[1677405938.660][WARNING]: virtual void DevToolsClientImpl::AddListener(DevToolsEventListener *) subscribing a listener to the already connected DevToolsClient. Connection notification will not arrive.
[1677405938.917][WARNING]: virtual void DevToolsClientImpl::AddListener(DevToolsEventListener *) subscribing a listener to the already connected DevToolsClient. Connection notification will not arrive.
Feb 26, 2023 3:35:44 PM org.openqa.selenium.remote.ProtocolHandshake createSession
INFO: Detected dialect: W3C
Feb 26, 2023 3:35:44 PM org.openqa.selenium.remote.ProtocolHandshake createSession
INFO: Detected dialect: W3C
Feb 26, 2023 3:35:45 PM org.openqa.selenium.remote.ProtocolHandshake createSession
INFO: Detected dialect: W3C
Feb 26, 2023 3:35:45 PM org.openqa.selenium.remote.ProtocolHandshake createSession
INFO: Detected dialect: W3C
Feb 26, 2023 3:35:45 PM org.openqa.selenium.remote.ProtocolHandshake createSession
INFO: Detected dialect: W3C
]]></system-err>
  </testcase>
  <testcase name="runScenario[&quot;verify that no results found&quot;, &quot;search a product feature&quot;](2)" classname="runners.TestRunner" time="30.297">
    <system-out><![CDATA[  Given the user navigates to the home page                 # steps.StepDefnitions.the_user_navigates_to_the_home_page()
  Given the user back to Amazon homepage           # steps.StepDefnitions.theUserBackToAmazonHomepage()
  Given the user is on the Amazon homepage                                         # steps.StepDefnitions.theUserIsOnTheAmazonHomepage()
  And the user again back to another url2 # steps.StepDefnitions.theUserAgainBackToAnotherUrl2()
]]></system-out>
  </testcase>
  <testcase name="runScenario[&quot;Verify that the user can able to search a product&quot;, &quot;search a product feature&quot;](3)" classname="runners.TestRunner" time="34.354">
    <system-out><![CDATA[  When the user enter the product name                      # steps.StepDefnitions.the_user_enter_the_product_name()
  Then the product results should be displayed              # steps.StepDefnitions.the_product_results_should_be_displayed()
]]></system-out>
  </testcase>
  <testcase name="runScenario[&quot;Verify that the selected product is displayed on the product detail page&quot;, &quot;search a product feature&quot;](4)" classname="runners.TestRunner" time="52.107">
    <system-out><![CDATA[  When the user search a product                   # steps.StepDefnitions.theUserSearchAProduct()
  Then the user see particular product detail page # steps.StepDefnitions.theUserSeeParticularProductDetailPage()
  When the user has searched for a product                                         # steps.StepDefnitions.theUserHasSearchedForAProduct()
  Then the user should see the product detail page                                 # steps.StepDefnitions.theUserShouldSeeTheProductDetailPage()
]]></system-out>
  </testcase>
  <testcase name="runScenario[&quot;verify that user display product&quot;, &quot;search a product feature&quot;](5)" classname="runners.TestRunner" time="57.594">
    <system-out><![CDATA[  And the user again back to another url1          # steps.StepDefnitions.theUserAgainBackToAnotherUrl1()
]]></system-out>
  </testcase>
</testsuite>