<?xml version="1.0" encoding="UTF-8"?>
<testsuite xmlns:xsi="http://www.w3.org/2001/XMLSchema-instance" xsi:noNamespaceSchemaLocation="https://maven.apache.org/surefire/maven-surefire-plugin/xsd/surefire-test-report-3.0.xsd" version="3.0" name="TestSuite" time="27.336" tests="5" errors="0" skipped="0" failures="0">
  <properties>
[...]
</properties>
  <testcase name="runScenario[&quot;verify that no results found&quot;, &quot;search a product feature&quot;](1)" classname="runners.TestRunner" time="11.11">
    <system-out><![CDATA[
Scenario: verify that user display product         # src/test/resources/features/product.feature:14

Scenario: Verify that the selected product is displayed on the product detail page with all the relevant information # src/test/resources/features/product.feature:8

Scenario Outline: Check if the add to cart is accessible # src/test/resources/features/product.feature:37

Scenario: verify that no results found    # src/test/resources/features/product.feature:20

Scenario: Verify that the user can able to search a product # src/test/resources/features/product.feature:2
  When the user goes back to the homepage                # steps.StepDefnitions.theUserGoesBackToTheHomepage()
  And the user again back to another url2 # steps.StepDefnitions.theUserAgainBackToAnotherUrl2()
]]></system-out>
    <system-err><![CDATA[SLF4J: No SLF4J providers were found.
SLF4J: Defaulting to no-operation (NOP) logger implementation
SLF4J: See https://www.slf4j.org/codes.html#noProviders for further details.
Starting ChromeDriver 110.0.5481.77 (65ed616c6e8ee3fe0ad64fe83796c020644d42af-refs/branch-heads/5481@{#839}) on port 43116
Only local connections are allowed.
Please see https://chromedriver.chromium.org/security-considerations for suggestions on keeSptianrgt iCnhgr oCmherDormievDerriv esra f1e1.0.0
.5481.77 (65ed616c6e8ee3fe0ad64fe83796c020644d42af-refs/branch-heads/5481@{#839}) on port 32372
Only local connections are allowed.
Please see https://chromedriver.chromium.org/security-considerations for suggestions on keeping ChromeDriver safe.
Starting ChromeDriver 110.0.5481.77 (65ed616c6e8ee3fe0ad64fe83796c020644d42af-refs/branch-heads/5481@{#839}) on port 47621
Only local connections are allowed.
Please see https://chromedriver.chromium.org/security-considerations for suggestions on keeping ChromeDriver safe.
ChromeDriver was started successfully.
ChromeDriver was started successfully.
Starting ChromeDriver 110.0.5481.77 (65ed616c6e8ee3fe0ad64fe83796c020644d42af-refs/branch-heads/5481@{#839}) on port 27475
Only local connections are allowed.
Please see https://chromedriver.chromium.org/security-considerations for suggestions on keeping ChromeDriver safe.
ChromeDriver was started successfully.
Starting ChromeDriver 110.0.5481.77 (65ed616c6e8ee3fe0ad64fe83796c020644d42af-refs/branch-heads/5481@{#839}) on port 3400
Only local connections are allowed.
Please see https://chromedriver.chromium.org/security-considerations for suggestions on keeping ChromeDriver safe.
ChromeDriver was started successfully.
ChromeDriver was started successfully.
[1677045438.040][WARNING]: virtual void DevToolsClientImpl::AddListener(DevToolsEventListener *) subscribing a listener to the already connected DevToolsClient. Connection notification will not arrive.
[1677045438.730][WARNING]: virtual void DevToolsClientImpl::AddListener(DevToolsEventListener *) subscribing a listener to the already connected DevToolsClient. Connection notification will not arrive.
[1677045438.755][WARNING]: virtual void DevToolsClientImpl::AddListener(DevToolsEventListener *) subscribing a listener to the already connected DevToolsClient. Connection notification will not arrive.
[1677045438.859][WARNING]: virtual void DevToolsClientImpl::AddListener(DevToolsEventListener *) subscribing a listener to the already connected DevToolsClient. Connection notification will not arrive.
Feb 22, 2023 11:27:19 AM org.openqa.selenium.remote.ProtocolHandshake createSession
INFO: Detected dialect: W3C
[1677045439.443][WARNING]: virtual void DevToolsClientImpl::AddListener(DevToolsEventListener *) subscribing a listener to the already connected DevToolsClient. Connection notification will not arrive.
Feb 22, 2023 11:27:19 AM org.openqa.selenium.remote.ProtocolHandshake createSession
INFO: Detected dialect: W3C
Feb 22, 2023 11:27:20 AM org.openqa.selenium.remote.ProtocolHandshake createSession
INFO: Detected dialect: W3C
Feb 22, 2023 11:27:20 AM org.openqa.selenium.remote.ProtocolHandshake createSession
INFO: Detected dialect: W3C
Feb 22, 2023 11:27:20 AM org.openqa.selenium.remote.ProtocolHandshake createSession
INFO: Detected dialect: W3C
]]></system-err>
  </testcase>
  <testcase name="runScenario[&quot;Check if the add to cart is accessible&quot;, &quot;search a product feature&quot;](2)" classname="runners.TestRunner" time="14.169">
    <system-out><![CDATA[  Then the user back to Amazon homepage            # steps.StepDefnitions.theUserBackToAmazonHomepage()
  Given the user navigates to the home page                 # steps.StepDefnitions.the_user_navigates_to_the_home_page()
  Then the user enters "https://www.flipkart.com/"       # steps.StepDefnitions.the_user_enters(java.lang.String)
]]></system-out>
  </testcase>
  <testcase name="runScenario[&quot;Verify that the user can able to search a product&quot;, &quot;search a product feature&quot;](3)" classname="runners.TestRunner" time="19.282">
    <system-out><![CDATA[  Then the user is on the Amazon homepage                                                                            # steps.StepDefnitions.theUserIsOnTheAmazonHomepage()
  When the user enter the product name                      # steps.StepDefnitions.the_user_enter_the_product_name()
  And the user search a product                    # steps.StepDefnitions.theUserSearchAProduct()
  Then the user see particular product detail page # steps.StepDefnitions.theUserSeeParticularProductDetailPage()
  Then the product results should be displayed              # steps.StepDefnitions.the_product_results_should_be_displayed()
]]></system-out>
  </testcase>
  <testcase name="runScenario[&quot;Verify that the selected product is displayed on the product detail page with all the relevant information&quot;, &quot;search a product feature&quot;](4)" classname="runners.TestRunner" time="23.422">
    <system-out><![CDATA[  And the user has searched for a product                                                                            # steps.StepDefnitions.theUserHasSearchedForAProduct()
  When the user selects a product from the search results                                                            # steps.StepDefnitions.theUserSelectsAProductFromTheSearchResults()
  Then the user should see the product detail page                                                                   # steps.StepDefnitions.theUserShouldSeeTheProductDetailPage()
]]></system-out>
  </testcase>
  <testcase name="runScenario[&quot;verify that user display product&quot;, &quot;search a product feature&quot;](5)" classname="runners.TestRunner" time="24.094">
    <system-out><![CDATA[  And the user again back to another url1          # steps.StepDefnitions.theUserAgainBackToAnotherUrl1()
]]></system-out>
  </testcase>
</testsuite>